-------------------------------------------------------------------------------
Test set: com.libris.ui.LoginViewGuiTest
-------------------------------------------------------------------------------
Tests run: 2, Failures: 0, Errors: 2, Skipped: 0, Time elapsed: 0.026 s <<< FAILURE! -- in com.libris.ui.LoginViewGuiTest
com.libris.ui.LoginViewGuiTest.test_TC_AUTH_03_guiLogin_wrongPassword_displaysError -- Time elapsed: 0.013 s <<< ERROR!
java.lang.NullPointerException: Cannot invoke "org.assertj.swing.fixture.FrameFixture.textBox(org.assertj.swing.core.GenericTypeMatcher)" because "this.window" is null
	at com.libris.ui.LoginViewGuiTest.test_TC_AUTH_03_guiLogin_wrongPassword_displaysError(LoginViewGuiTest.java:114)
	at java.base/java.lang.reflect.Method.invoke(Method.java:565)
	at java.base/java.util.ArrayList.forEach(ArrayList.java:1604)
	at java.base/java.util.ArrayList.forEach(ArrayList.java:1604)

com.libris.ui.LoginViewGuiTest.test_TC_AUTH_01_TC_NFR_01_guiAdminLogin_navigatesToDashboardWithin30s -- Time elapsed: 0.004 s <<< ERROR!
java.lang.NullPointerException: Cannot invoke "org.assertj.swing.fixture.FrameFixture.textBox(org.assertj.swing.core.GenericTypeMatcher)" because "this.window" is null
	at com.libris.ui.LoginViewGuiTest.test_TC_AUTH_01_TC_NFR_01_guiAdminLogin_navigatesToDashboardWithin30s(LoginViewGuiTest.java:58)
	at java.base/java.lang.reflect.Method.invoke(Method.java:565)
	at java.base/java.util.ArrayList.forEach(ArrayList.java:1604)
	at java.base/java.util.ArrayList.forEach(ArrayList.java:1604)

