<?xml version="1.0" encoding="UTF-8"?>
<testsuite xmlns:xsi="http://www.w3.org/2001/XMLSchema-instance" xsi:noNamespaceSchemaLocation="https://maven.apache.org/surefire/maven-surefire-plugin/xsd/surefire-test-report-3.0.xsd" version="3.0" name="com.libris.integration.DatabaseIntegrationTest" time="0.387" tests="7" errors="0" skipped="0" failures="0">
  <properties>
[...]
</properties>
  <testcase name="test_FR_AUTH_01_TC_AUTH_01_userDaoLogin_success" classname="com.libris.integration.DatabaseIntegrationTest" time="0.238">
    <system-out><![CDATA[[DatabaseIntegrationTest] Using test database: jdbc:sqlite:D:\Development\Projects\libris-library-management\Libris.test.db
Đóng kết nối cơ sở dữ liệu thành công!
[UserDAO] login() -> DB=jdbc:sqlite:D:\Development\Projects\libris-library-management\Libris.db, username=admin, password=123
[DatabaseConnection] Connecting to: jdbc:sqlite:D:\Development\Projects\libris-library-management\Libris.db
[UserDAO] login() -> DB=jdbc:sqlite:D:\Development\Projects\libris-library-management\Libris.db, username=customer1, password=123
[DatabaseConnection] Connecting to: jdbc:sqlite:D:\Development\Projects\libris-library-management\Libris.db
]]></system-out>
  </testcase>
  <testcase name="test_FR_BOOK_01_TC_BOOK_01_getAllBooks_loadsData" classname="com.libris.integration.DatabaseIntegrationTest" time="0.009">
    <system-out><![CDATA[[DatabaseConnection] Connecting to: jdbc:sqlite:D:\Development\Projects\libris-library-management\Libris.db
]]></system-out>
  </testcase>
  <testcase name="test_FR_BOOK_02_TC_BOOK_02_addBook_success" classname="com.libris.integration.DatabaseIntegrationTest" time="0.011">
    <system-out><![CDATA[[DatabaseConnection] Connecting to: jdbc:sqlite:D:\Development\Projects\libris-library-management\Libris.db
]]></system-out>
  </testcase>
  <testcase name="test_FR_BOOK_02_TC_BOOK_03_addBook_duplicateUniqueCode_throwsException" classname="com.libris.integration.DatabaseIntegrationTest" time="0.01">
    <system-out><![CDATA[[DatabaseConnection] Connecting to: jdbc:sqlite:D:\Development\Projects\libris-library-management\Libris.db
]]></system-out>
  </testcase>
  <testcase name="test_FR_BOOK_04_TC_BOOK_06_deleteBook_foreignKeyConstraint_throwsException" classname="com.libris.integration.DatabaseIntegrationTest" time="0.005">
    <system-out><![CDATA[[DatabaseConnection] Connecting to: jdbc:sqlite:D:\Development\Projects\libris-library-management\Libris.db
]]></system-out>
  </testcase>
  <testcase name="test_FR_ORD_04_TC_ORD_04_TC_NFR_03_returnOrder_transactionAndRollback" classname="com.libris.integration.DatabaseIntegrationTest" time="0.057">
    <system-out><![CDATA[[DatabaseConnection] Connecting to: jdbc:sqlite:D:\Development\Projects\libris-library-management\Libris.db
[DatabaseConnection] Connecting to: jdbc:sqlite:D:\Development\Projects\libris-library-management\Libris.db
[DatabaseConnection] Connecting to: jdbc:sqlite:D:\Development\Projects\libris-library-management\Libris.db
[DatabaseConnection] Connecting to: jdbc:sqlite:D:\Development\Projects\libris-library-management\Libris.db
[DatabaseConnection] Connecting to: jdbc:sqlite:D:\Development\Projects\libris-library-management\Libris.db
[DatabaseConnection] Connecting to: jdbc:sqlite:D:\Development\Projects\libris-library-management\Libris.db
[DatabaseConnection] Connecting to: jdbc:sqlite:D:\Development\Projects\libris-library-management\Libris.db
]]></system-out>
  </testcase>
  <testcase name="test_FR_CUST_02_TC_CUST_02_addCustomer_success" classname="com.libris.integration.DatabaseIntegrationTest" time="0.004">
    <system-out><![CDATA[[DatabaseConnection] Connecting to: jdbc:sqlite:D:\Development\Projects\libris-library-management\Libris.db
]]></system-out>
  </testcase>
</testsuite>